{"C:\\Users\\thake\\Downloads\\Nadia\\nadia\\app.js": {"path":"C:\\Users\\thake\\Downloads\\Nadia\\nadia\\app.js","statementMap":{"0":{"start":{"line":1,"column":16},"end":{"line":1,"column":34}},"1":{"start":{"line":2,"column":13},"end":{"line":2,"column":28}},"2":{"start":{"line":3,"column":16},"end":{"line":3,"column":40}},"3":{"start":{"line":4,"column":15},"end":{"line":4,"column":32}},"4":{"start":{"line":5,"column":21},"end":{"line":5,"column":45}},"5":{"start":{"line":7,"column":15},"end":{"line":7,"column":34}},"6":{"start":{"line":9,"column":13},"end":{"line":9,"column":48}},"7":{"start":{"line":11,"column":12},"end":{"line":11,"column":21}},"8":{"start":{"line":16,"column":0},"end":{"line":16,"column":64}},"9":{"start":{"line":17,"column":0},"end":{"line":17,"column":56}},"10":{"start":{"line":20,"column":0},"end":{"line":20,"column":48}},"11":{"start":{"line":21,"column":0},"end":{"line":21,"column":30}},"12":{"start":{"line":23,"column":0},"end":{"line":23,"column":23}},"13":{"start":{"line":24,"column":0},"end":{"line":24,"column":24}},"14":{"start":{"line":25,"column":0},"end":{"line":25,"column":49}},"15":{"start":{"line":26,"column":0},"end":{"line":26,"column":24}},"16":{"start":{"line":29,"column":0},"end":{"line":29,"column":42}},"17":{"start":{"line":30,"column":0},"end":{"line":30,"column":16}},"18":{"start":{"line":33,"column":0},"end":{"line":37,"column":3}},"19":{"start":{"line":34,"column":14},"end":{"line":34,"column":36}},"20":{"start":{"line":35,"column":2},"end":{"line":35,"column":19}},"21":{"start":{"line":36,"column":2},"end":{"line":36,"column":12}},"22":{"start":{"line":40,"column":0},"end":{"line":49,"column":3}},"23":{"start":{"line":43,"column":2},"end":{"line":43,"column":35}},"24":{"start":{"line":44,"column":2},"end":{"line":44,"column":62}},"25":{"start":{"line":47,"column":2},"end":{"line":47,"column":32}},"26":{"start":{"line":48,"column":2},"end":{"line":48,"column":22}},"27":{"start":{"line":51,"column":0},"end":{"line":51,"column":21}}},"fnMap":{"0":{"name":"(anonymous_0)","decl":{"start":{"line":33,"column":8},"end":{"line":33,"column":9}},"loc":{"start":{"line":33,"column":34},"end":{"line":37,"column":1}},"line":33},"1":{"name":"(anonymous_1)","decl":{"start":{"line":40,"column":8},"end":{"line":40,"column":9}},"loc":{"start":{"line":40,"column":39},"end":{"line":49,"column":1}},"line":40}},"branchMap":{"0":{"loc":{"start":{"line":44,"column":21},"end":{"line":44,"column":61}},"type":"cond-expr","locations":[{"start":{"line":44,"column":53},"end":{"line":44,"column":56}},{"start":{"line":44,"column":59},"end":{"line":44,"column":61}}],"line":44},"1":{"loc":{"start":{"line":47,"column":13},"end":{"line":47,"column":30}},"type":"binary-expr","locations":[{"start":{"line":47,"column":13},"end":{"line":47,"column":23}},{"start":{"line":47,"column":27},"end":{"line":47,"column":30}}],"line":47}},"s":{"0":5,"1":5,"2":5,"3":5,"4":5,"5":5,"6":5,"7":5,"8":5,"9":5,"10":5,"11":5,"12":5,"13":5,"14":5,"15":5,"16":5,"17":5,"18":5,"19":2,"20":2,"21":2,"22":5,"23":3,"24":3,"25":3,"26":3,"27":5},"f":{"0":2,"1":3},"b":{"0":[2,1],"1":[3,1]},"_coverageSchema":"1a1c01bbd47fc00a2c39e90264f33305004495a9","hash":"671fec299db7ebdb3d7605f28fe622ad865bed35"}
,"C:\\Users\\thake\\Downloads\\Nadia\\nadia\\knexfile.js": {"path":"C:\\Users\\thake\\Downloads\\Nadia\\nadia\\knexfile.js","statementMap":{"0":{"start":{"line":1,"column":0},"end":{"line":9,"column":2}}},"fnMap":{},"branchMap":{},"s":{"0":1},"f":{},"b":{},"_coverageSchema":"1a1c01bbd47fc00a2c39e90264f33305004495a9","hash":"2c1d81b9635a9827b659400399d896ef5eb4bd4d"}
,"C:\\Users\\thake\\Downloads\\Nadia\\nadia\\lib\\knex.js": {"path":"C:\\Users\\thake\\Downloads\\Nadia\\nadia\\lib\\knex.js","statementMap":{"0":{"start":{"line":1,"column":15},"end":{"line":1,"column":37}},"1":{"start":{"line":3,"column":13},"end":{"line":3,"column":48}},"2":{"start":{"line":5,"column":0},"end":{"line":5,"column":22}}},"fnMap":{},"branchMap":{},"s":{"0":1,"1":1,"2":1},"f":{},"b":{},"_coverageSchema":"1a1c01bbd47fc00a2c39e90264f33305004495a9","hash":"3d399fdece7a6d7c1ffe921313a24af9f2944fb2"}
,"C:\\Users\\thake\\Downloads\\Nadia\\nadia\\lib\\reservations.js": {"path":"C:\\Users\\thake\\Downloads\\Nadia\\nadia\\lib\\reservations.js","statementMap":{"0":{"start":{"line":1,"column":13},"end":{"line":1,"column":30}},"1":{"start":{"line":2,"column":14},"end":{"line":2,"column":56}},"2":{"start":{"line":10,"column":2},"end":{"line":10,"column":45}},"3":{"start":{"line":20,"column":2},"end":{"line":23,"column":33}},"4":{"start":{"line":23,"column":22},"end":{"line":23,"column":31}},"5":{"start":{"line":33,"column":2},"end":{"line":33,"column":49}},"6":{"start":{"line":34,"column":2},"end":{"line":34,"column":50}},"7":{"start":{"line":44,"column":2},"end":{"line":44,"column":53}},"8":{"start":{"line":45,"column":2},"end":{"line":52,"column":5}},"9":{"start":{"line":46,"column":4},"end":{"line":51,"column":7}},"10":{"start":{"line":47,"column":6},"end":{"line":49,"column":7}},"11":{"start":{"line":48,"column":8},"end":{"line":48,"column":29}},"12":{"start":{"line":50,"column":6},"end":{"line":50,"column":28}},"13":{"start":{"line":55,"column":0},"end":{"line":60,"column":2}}},"fnMap":{"0":{"name":"fetch","decl":{"start":{"line":9,"column":9},"end":{"line":9,"column":14}},"loc":{"start":{"line":9,"column":17},"end":{"line":11,"column":1}},"line":9},"1":{"name":"create","decl":{"start":{"line":19,"column":9},"end":{"line":19,"column":15}},"loc":{"start":{"line":19,"column":29},"end":{"line":24,"column":1}},"line":19},"2":{"name":"(anonymous_2)","decl":{"start":{"line":23,"column":10},"end":{"line":23,"column":11}},"loc":{"start":{"line":23,"column":22},"end":{"line":23,"column":31}},"line":23},"3":{"name":"save","decl":{"start":{"line":32,"column":9},"end":{"line":32,"column":13}},"loc":{"start":{"line":32,"column":27},"end":{"line":35,"column":1}},"line":32},"4":{"name":"validate","decl":{"start":{"line":43,"column":9},"end":{"line":43,"column":17}},"loc":{"start":{"line":43,"column":31},"end":{"line":53,"column":1}},"line":43},"5":{"name":"(anonymous_5)","decl":{"start":{"line":45,"column":21},"end":{"line":45,"column":22}},"loc":{"start":{"line":45,"column":42},"end":{"line":52,"column":3}},"line":45},"6":{"name":"(anonymous_6)","decl":{"start":{"line":46,"column":25},"end":{"line":46,"column":26}},"loc":{"start":{"line":46,"column":43},"end":{"line":51,"column":5}},"line":46}},"branchMap":{"0":{"loc":{"start":{"line":47,"column":6},"end":{"line":49,"column":7}},"type":"if","locations":[{"start":{"line":47,"column":6},"end":{"line":49,"column":7}},{"start":{"line":47,"column":6},"end":{"line":49,"column":7}}],"line":47}},"s":{"0":4,"1":4,"2":1,"3":5,"4":2,"5":3,"6":3,"7":5,"8":5,"9":5,"10":4,"11":2,"12":2,"13":4},"f":{"0":1,"1":5,"2":2,"3":3,"4":5,"5":5,"6":4},"b":{"0":[2,2]},"_coverageSchema":"1a1c01bbd47fc00a2c39e90264f33305004495a9","hash":"ab3661c03eb5f79e0e74ce77b0148073e579a747"}
,"C:\\Users\\thake\\Downloads\\Nadia\\nadia\\lib\\middleware\\auth.js": {"path":"C:\\Users\\thake\\Downloads\\Nadia\\nadia\\lib\\middleware\\auth.js","statementMap":{"0":{"start":{"line":1,"column":16},"end":{"line":1,"column":37}},"1":{"start":{"line":3,"column":0},"end":{"line":14,"column":2}},"2":{"start":{"line":4,"column":2},"end":{"line":13,"column":4}},"3":{"start":{"line":5,"column":15},"end":{"line":5,"column":29}},"4":{"start":{"line":7,"column":4},"end":{"line":10,"column":5}},"5":{"start":{"line":8,"column":6},"end":{"line":8,"column":72}},"6":{"start":{"line":9,"column":6},"end":{"line":9,"column":33}},"7":{"start":{"line":12,"column":4},"end":{"line":12,"column":11}}},"fnMap":{"0":{"name":"(anonymous_0)","decl":{"start":{"line":3,"column":17},"end":{"line":3,"column":18}},"loc":{"start":{"line":3,"column":41},"end":{"line":14,"column":1}},"line":3},"1":{"name":"(anonymous_1)","decl":{"start":{"line":4,"column":9},"end":{"line":4,"column":10}},"loc":{"start":{"line":4,"column":34},"end":{"line":13,"column":3}},"line":4}},"branchMap":{"0":{"loc":{"start":{"line":7,"column":4},"end":{"line":10,"column":5}},"type":"if","locations":[{"start":{"line":7,"column":4},"end":{"line":10,"column":5}},{"start":{"line":7,"column":4},"end":{"line":10,"column":5}}],"line":7},"1":{"loc":{"start":{"line":7,"column":8},"end":{"line":7,"column":65}},"type":"binary-expr","locations":[{"start":{"line":7,"column":8},"end":{"line":7,"column":13}},{"start":{"line":7,"column":17},"end":{"line":7,"column":39}},{"start":{"line":7,"column":43},"end":{"line":7,"column":65}}],"line":7}},"s":{"0":5,"1":5,"2":5,"3":2,"4":2,"5":1,"6":1,"7":1},"f":{"0":5,"1":2},"b":{"0":[1,1],"1":[2,1,1]},"_coverageSchema":"1a1c01bbd47fc00a2c39e90264f33305004495a9","hash":"b6e32c5bfb4ae5fb3ed69fff97edf065f2af702d"}
,"C:\\Users\\thake\\Downloads\\Nadia\\nadia\\lib\\schema\\reservation.js": {"path":"C:\\Users\\thake\\Downloads\\Nadia\\nadia\\lib\\schema\\reservation.js","statementMap":{"0":{"start":{"line":1,"column":15},"end":{"line":1,"column":32}},"1":{"start":{"line":2,"column":12},"end":{"line":2,"column":26}},"2":{"start":{"line":4,"column":0},"end":{"line":64,"column":2}},"3":{"start":{"line":17,"column":4},"end":{"line":17,"column":23}},"4":{"start":{"line":18,"column":4},"end":{"line":18,"column":21}},"5":{"start":{"line":19,"column":4},"end":{"line":19,"column":23}},"6":{"start":{"line":20,"column":4},"end":{"line":20,"column":23}},"7":{"start":{"line":21,"column":4},"end":{"line":21,"column":27}},"8":{"start":{"line":22,"column":4},"end":{"line":22,"column":60}},"9":{"start":{"line":37,"column":4},"end":{"line":37,"column":77}},"10":{"start":{"line":47,"column":29},"end":{"line":59,"column":21}},"11":{"start":{"line":62,"column":4},"end":{"line":62,"column":47}},"12":{"start":{"line":62,"column":23},"end":{"line":62,"column":45}}},"fnMap":{"0":{"name":"(anonymous_0)","decl":{"start":{"line":16,"column":2},"end":{"line":16,"column":3}},"loc":{"start":{"line":16,"column":66},"end":{"line":23,"column":3}},"line":16},"1":{"name":"(anonymous_1)","decl":{"start":{"line":36,"column":2},"end":{"line":36,"column":3}},"loc":{"start":{"line":36,"column":37},"end":{"line":38,"column":3}},"line":36},"2":{"name":"(anonymous_2)","decl":{"start":{"line":46,"column":2},"end":{"line":46,"column":3}},"loc":{"start":{"line":46,"column":21},"end":{"line":63,"column":3}},"line":46},"3":{"name":"(anonymous_3)","decl":{"start":{"line":62,"column":17},"end":{"line":62,"column":18}},"loc":{"start":{"line":62,"column":23},"end":{"line":62,"column":45}},"line":62}},"branchMap":{},"s":{"0":3,"1":3,"2":3,"3":6,"4":6,"5":6,"6":6,"7":6,"8":6,"9":8,"10":6,"11":6,"12":6},"f":{"0":6,"1":8,"2":6,"3":6},"b":{},"_coverageSchema":"1a1c01bbd47fc00a2c39e90264f33305004495a9","hash":"3bbcfd28bb4864e483f61e86171e0ddd5791aa88"}
,"C:\\Users\\thake\\Downloads\\Nadia\\nadia\\routes\\admin.js": {"path":"C:\\Users\\thake\\Downloads\\Nadia\\nadia\\routes\\admin.js","statementMap":{"0":{"start":{"line":1,"column":14},"end":{"line":1,"column":32}},"1":{"start":{"line":2,"column":13},"end":{"line":2,"column":29}},"2":{"start":{"line":3,"column":12},"end":{"line":3,"column":49}},"3":{"start":{"line":4,"column":10},"end":{"line":4,"column":27}},"4":{"start":{"line":5,"column":21},"end":{"line":5,"column":51}},"5":{"start":{"line":8,"column":0},"end":{"line":16,"column":3}},"6":{"start":{"line":9,"column":2},"end":{"line":15,"column":5}},"7":{"start":{"line":10,"column":4},"end":{"line":14,"column":7}},"8":{"start":{"line":18,"column":0},"end":{"line":18,"column":24}}},"fnMap":{"0":{"name":"(anonymous_0)","decl":{"start":{"line":8,"column":21},"end":{"line":8,"column":22}},"loc":{"start":{"line":8,"column":47},"end":{"line":16,"column":1}},"line":8},"1":{"name":"(anonymous_1)","decl":{"start":{"line":9,"column":28},"end":{"line":9,"column":29}},"loc":{"start":{"line":9,"column":46},"end":{"line":15,"column":3}},"line":9}},"branchMap":{},"s":{"0":1,"1":1,"2":1,"3":1,"4":1,"5":1,"6":1,"7":1,"8":1},"f":{"0":1,"1":1},"b":{},"_coverageSchema":"1a1c01bbd47fc00a2c39e90264f33305004495a9","hash":"fcf2aacf352152599cd9b2660e12e331685a7520"}
,"C:\\Users\\thake\\Downloads\\Nadia\\nadia\\routes\\homepage.js": {"path":"C:\\Users\\thake\\Downloads\\Nadia\\nadia\\routes\\homepage.js","statementMap":{"0":{"start":{"line":1,"column":14},"end":{"line":1,"column":32}},"1":{"start":{"line":2,"column":13},"end":{"line":2,"column":29}},"2":{"start":{"line":4,"column":0},"end":{"line":6,"column":3}},"3":{"start":{"line":5,"column":2},"end":{"line":5,"column":52}},"4":{"start":{"line":8,"column":0},"end":{"line":10,"column":3}},"5":{"start":{"line":9,"column":2},"end":{"line":9,"column":15}},"6":{"start":{"line":12,"column":0},"end":{"line":12,"column":24}}},"fnMap":{"0":{"name":"(anonymous_0)","decl":{"start":{"line":4,"column":16},"end":{"line":4,"column":17}},"loc":{"start":{"line":4,"column":41},"end":{"line":6,"column":1}},"line":4},"1":{"name":"(anonymous_1)","decl":{"start":{"line":8,"column":19},"end":{"line":8,"column":20}},"loc":{"start":{"line":8,"column":44},"end":{"line":10,"column":1}},"line":8}},"branchMap":{},"s":{"0":1,"1":1,"2":1,"3":1,"4":1,"5":1,"6":1},"f":{"0":1,"1":1},"b":{},"_coverageSchema":"1a1c01bbd47fc00a2c39e90264f33305004495a9","hash":"4737052ce61062b6eb05b748d4d6ccbf912b14a1"}
,"C:\\Users\\thake\\Downloads\\Nadia\\nadia\\routes\\reservations.js": {"path":"C:\\Users\\thake\\Downloads\\Nadia\\nadia\\routes\\reservations.js","statementMap":{"0":{"start":{"line":1,"column":14},"end":{"line":1,"column":32}},"1":{"start":{"line":2,"column":13},"end":{"line":2,"column":29}},"2":{"start":{"line":3,"column":12},"end":{"line":3,"column":56}},"3":{"start":{"line":4,"column":21},"end":{"line":4,"column":51}},"4":{"start":{"line":5,"column":20},"end":{"line":5,"column":56}},"5":{"start":{"line":7,"column":0},"end":{"line":9,"column":3}},"6":{"start":{"line":8,"column":2},"end":{"line":8,"column":29}},"7":{"start":{"line":11,"column":0},"end":{"line":29,"column":3}},"8":{"start":{"line":12,"column":22},"end":{"line":12,"column":47}},"9":{"start":{"line":13,"column":2},"end":{"line":28,"column":7}},"10":{"start":{"line":16,"column":6},"end":{"line":19,"column":8}},"11":{"start":{"line":22,"column":6},"end":{"line":22,"column":35}},"12":{"start":{"line":23,"column":6},"end":{"line":27,"column":9}},"13":{"start":{"line":31,"column":0},"end":{"line":31,"column":24}}},"fnMap":{"0":{"name":"(anonymous_0)","decl":{"start":{"line":7,"column":28},"end":{"line":7,"column":29}},"loc":{"start":{"line":7,"column":54},"end":{"line":9,"column":1}},"line":7},"1":{"name":"(anonymous_1)","decl":{"start":{"line":11,"column":29},"end":{"line":11,"column":30}},"loc":{"start":{"line":11,"column":55},"end":{"line":29,"column":1}},"line":11},"2":{"name":"(anonymous_2)","decl":{"start":{"line":15,"column":10},"end":{"line":15,"column":11}},"loc":{"start":{"line":16,"column":6},"end":{"line":19,"column":8}},"line":16},"3":{"name":"(anonymous_3)","decl":{"start":{"line":21,"column":11},"end":{"line":21,"column":12}},"loc":{"start":{"line":21,"column":20},"end":{"line":28,"column":5}},"line":21}},"branchMap":{},"s":{"0":1,"1":1,"2":1,"3":1,"4":1,"5":1,"6":1,"7":1,"8":2,"9":2,"10":1,"11":1,"12":1,"13":1},"f":{"0":1,"1":2,"2":1,"3":1},"b":{},"_coverageSchema":"1a1c01bbd47fc00a2c39e90264f33305004495a9","hash":"c6b81b3c2edf48659a99bd025fe97bcc85db731d"}
}
