TN:
SF:app.js
FN:33,(anonymous_0)
FN:40,(anonymous_1)
FNF:2
FNH:2
FNDA:2,(anonymous_0)
FNDA:3,(anonymous_1)
DA:1,5
DA:2,5
DA:3,5
DA:4,5
DA:5,5
DA:7,5
DA:9,5
DA:11,5
DA:16,5
DA:17,5
DA:20,5
DA:21,5
DA:23,5
DA:24,5
DA:25,5
DA:26,5
DA:29,5
DA:30,5
DA:33,5
DA:34,2
DA:35,2
DA:36,2
DA:40,5
DA:43,3
DA:44,3
DA:47,3
DA:48,3
DA:51,5
LF:28
LH:28
BRDA:44,0,0,2
BRDA:44,0,1,1
BRDA:47,1,0,3
BRDA:47,1,1,1
BRF:4
BRH:4
end_of_record
TN:
SF:knexfile.js
FNF:0
FNH:0
DA:1,1
LF:1
LH:1
BRF:0
BRH:0
end_of_record
TN:
SF:lib\knex.js
FNF:0
FNH:0
DA:1,1
DA:3,1
DA:5,1
LF:3
LH:3
BRF:0
BRH:0
end_of_record
TN:
SF:lib\reservations.js
FN:9,fetch
FN:19,create
FN:23,(anonymous_2)
FN:32,save
FN:43,validate
FN:45,(anonymous_5)
FN:46,(anonymous_6)
FNF:7
FNH:7
FNDA:1,fetch
FNDA:5,create
FNDA:2,(anonymous_2)
FNDA:3,save
FNDA:5,validate
FNDA:5,(anonymous_5)
FNDA:4,(anonymous_6)
DA:1,4
DA:2,4
DA:10,1
DA:20,5
DA:23,2
DA:33,3
DA:34,3
DA:44,5
DA:45,5
DA:46,5
DA:47,4
DA:48,2
DA:50,2
DA:55,4
LF:14
LH:14
BRDA:47,0,0,2
BRDA:47,0,1,2
BRF:2
BRH:2
end_of_record
TN:
SF:lib\middleware\auth.js
FN:3,(anonymous_0)
FN:4,(anonymous_1)
FNF:2
FNH:2
FNDA:5,(anonymous_0)
FNDA:2,(anonymous_1)
DA:1,5
DA:3,5
DA:4,5
DA:5,2
DA:7,2
DA:8,1
DA:9,1
DA:12,1
LF:8
LH:8
BRDA:7,0,0,1
BRDA:7,0,1,1
BRDA:7,1,0,2
BRDA:7,1,1,1
BRDA:7,1,2,1
BRF:5
BRH:5
end_of_record
TN:
SF:lib\schema\reservation.js
FN:16,(anonymous_0)
FN:36,(anonymous_1)
FN:46,(anonymous_2)
FN:62,(anonymous_3)
FNF:4
FNH:4
FNDA:6,(anonymous_0)
FNDA:8,(anonymous_1)
FNDA:6,(anonymous_2)
FNDA:6,(anonymous_3)
DA:1,3
DA:2,3
DA:4,3
DA:17,6
DA:18,6
DA:19,6
DA:20,6
DA:21,6
DA:22,6
DA:37,8
DA:47,6
DA:62,6
LF:12
LH:12
BRF:0
BRH:0
end_of_record
TN:
SF:routes\admin.js
FN:8,(anonymous_0)
FN:9,(anonymous_1)
FNF:2
FNH:2
FNDA:1,(anonymous_0)
FNDA:1,(anonymous_1)
DA:1,1
DA:2,1
DA:3,1
DA:4,1
DA:5,1
DA:8,1
DA:9,1
DA:10,1
DA:18,1
LF:9
LH:9
BRF:0
BRH:0
end_of_record
TN:
SF:routes\homepage.js
FN:4,(anonymous_0)
FN:8,(anonymous_1)
FNF:2
FNH:2
FNDA:1,(anonymous_0)
FNDA:1,(anonymous_1)
DA:1,1
DA:2,1
DA:4,1
DA:5,1
DA:8,1
DA:9,1
DA:12,1
LF:7
LH:7
BRF:0
BRH:0
end_of_record
TN:
SF:routes\reservations.js
FN:7,(anonymous_0)
FN:11,(anonymous_1)
FN:15,(anonymous_2)
FN:21,(anonymous_3)
FNF:4
FNH:4
FNDA:1,(anonymous_0)
FNDA:2,(anonymous_1)
FNDA:1,(anonymous_2)
FNDA:1,(anonymous_3)
DA:1,1
DA:2,1
DA:3,1
DA:4,1
DA:5,1
DA:7,1
DA:8,1
DA:11,1
DA:12,2
DA:13,2
DA:16,1
DA:22,1
DA:23,1
DA:31,1
LF:14
LH:14
BRF:0
BRH:0
end_of_record
